<?xml version="1.0" encoding="UTF-8"?>
<testsuite errors="0" failures="0" hostname="krobinson" name="org.kar.JenkinsApiTest" tests="1" time="14.923" timestamp="2012-02-23T07:52:36">
  <properties />
  <testcase classname="org.kar.JenkinsApiTest" name="testApi" time="14.602" />
  <system-out><![CDATA[ant - 1.1
javadoc - 1.0
Jenkins CVS Plug-in - 1.6
ChuckNorris Plugin - 0.4
Hudson iPhoneView plugin - 0.2
Jenkins JDepend Plugin - 1.2.3
Maven Integration plugin - 1.442
Jenkins JIRA plugin - 1.29
Jenkins SSH Slaves plugin - 0.21
Jenkins Subversion Plug-in - 1.34
Jenkins Translation Assistance plugin - 1.8
[1m===>[m [Plugin:ant, Plugin:javadoc, Plugin:cvs, Plugin:chucknorris, Plugin:iphoneview, Plugin:jdepend, Plugin:maven-plugin, Plugin:jira, Plugin:ssh-slaves, Plugin:subversion, Plugin:translation]
geb-testing
hibernateToolsExploration
[1m===>[m [hudson.model.FreeStyleProject@3f6a5d72[geb-testing], hudson.model.FreeStyleProject@76e222eb[hibernateToolsExploration]]
[1m===>[m ["activeJobs":["geb-testing", "hibernateToolsExploration", "test"], "failedRuns":["geb-testing", "hibernateToolsExploration"]]
Installing jira from update center
Dashboard [Jenkins]var isRunAsTest=false; var rootURL="";crumb.init("", "");
              YAHOO.util.Cookie.set("screenResolution", screen.width+"x"+screen.height);
            Skip to content createSearchBox("/search/");JenkinsENABLE AUTO REFRESH New Job People Build History Project Relationship Check File Fingerprint Manage JenkinsBuild Queue
          Jenkins is going to shut down. No further builds will be performed.
          (cancel)refreshPart('buildQueue',"./ajaxBuildQueue");Build Executor Status#Status1Idle2IdlerefreshPart('executors',"./ajaxExecutors");Jenkins is going to shut downadd descriptionAll +    S   WNameLast SuccessLast FailureLast Duration  WDescription%Build stability: 3 out of the last 5 builds failed.40geb-testing
        4 days 5 hr
        (#3)
      
        3 days 23 hr
        (#6)
      10 sec WDescription%Build stability: 4 out of the last 5 builds failed.20hibernateToolsExploration
        11 mo
        (#1)
      
        3 days 23 hr
        (#5)
      11 sec WDescription%Build stability: No recent builds failed.100test
        3 days 23 hr
        (#6)
      N/A69 ms Icon:
         S M LLegend RSS for all RSS for failures RSS for just latest builds
          Page generated:
          Feb 22, 2012 11:52:50 PMJenkins ver. 1.442
      Help us localize this page
    var footer = document.getElementById('l10n-footer');
    var f = document.getElementById('footer');
    f.insertBefore(footer,f.firstChild);
    footer.style.display="block";

    var translation={}; 
    translation.bundles = "F3IeBgQbQNlDNvdmvcDmB6U/UAYmh4L8Q7VYKdcUeOUYqxpAk8q5izIBkgyaTYokjy2JF2bLY2B4Zf6KHsbuo5ROrDPe6Eejf9aP8hzGbUMR5pxzBPMBOtqJoGTofYpqC4WC3ZK+wvpVshNVn9wvkWbQNFqjW8kX7LDnFkr/KF1Q/6C1iaB23yrmsAC9UmcsFlamSxub3GZ5c9stRG3d4ECkdSIvcirROEkjSh4nUI+xrcTrJZPlm0wmvR+mg/T3s/mJIRR+tYOn6arhqGI4A8yFIOtfmCQYEqwyly0q8uz9mN0Ook1Hh5YtSWD3fHd52VcdA64plWABO/BKFchsItcF1zCvz9IJPWDQkI+NQMQpebM80pTgoBMPQ2Y65YOEP6vGzGX/i3+HjKmb2mfLEkL+5BKriVzMUHlRrFN5UsGKbhUDaNDmkEa+SEjrkmWbDBuc+DiDtE048np897ePuskHYDy8rFdawjR1mqir7Sh/pJI3UiNghb5vBdupy4pF641XzysZYJHyHGcUT0HDnF1OJa1crp0v63+CdLCMZtD2PAsBB3TCV0qbVGREUFjXVxkbn+OKsQMl/WZ8ibK60GPaBSzqh2mCJ8u1sGKqluq0f0Fqm9wwee2s8eD+uSheUzua1jNfPWMJWN2E6G2cOs9K2wtFTVEGTIkqhMuDB+SW+6isX/m+K7cvl2gBg0HpfFTGGlosutvP7NtcYjnnUYzJ8kYtH1YXvRtSVCG7z9QmY0eDgczvHyaBy2QM1//+bKbpsyvHRn36vVednLNiF8dNyaMdk9Ac1jxofucgJTHSrJ8P9K7O7E5IMYQuiQUep8++XfaRM/aQzSca+G/0hEE2BPlJhkIsb2glHciOxmM=";
    translation.detectedLocale = "";

    function showTranslationDialog() {
      if(!translation.launchDialog)
        loadScript("/plugin/translation/dialog.js");
      else
        translation.launchDialog();
      return false; 
    }
]]></system-out>
  <system-err><![CDATA[]]></system-err>
</testsuite>
